\BOOKMARK [0][-]{chapter.1}{\376\377\000C\000l\000a\000s\000s\000\040\000I\000n\000d\000e\000x}{}% 1
\BOOKMARK [1][-]{section.1.1}{\376\377\000C\000l\000a\000s\000s\000\040\000H\000i\000e\000r\000a\000r\000c\000h\000y}{chapter.1}% 2
\BOOKMARK [0][-]{chapter.2}{\376\377\000C\000l\000a\000s\000s\000\040\000I\000n\000d\000e\000x}{}% 3
\BOOKMARK [1][-]{section.2.1}{\376\377\000C\000l\000a\000s\000s\000\040\000L\000i\000s\000t}{chapter.2}% 4
\BOOKMARK [0][-]{chapter.3}{\376\377\000C\000l\000a\000s\000s\000\040\000D\000o\000c\000u\000m\000e\000n\000t\000a\000t\000i\000o\000n}{}% 5
\BOOKMARK [1][-]{section.3.1}{\376\377\000A\000R\000B\000a\000s\000e\000\040\000C\000l\000a\000s\000s\000\040\000R\000e\000f\000e\000r\000e\000n\000c\000e}{chapter.3}% 6
\BOOKMARK [2][-]{subsection.3.1.1}{\376\377\000D\000e\000t\000a\000i\000l\000e\000d\000\040\000D\000e\000s\000c\000r\000i\000p\000t\000i\000o\000n}{section.3.1}% 7
\BOOKMARK [2][-]{subsection.3.1.2}{\376\377\000M\000e\000m\000b\000e\000r\000\040\000F\000u\000n\000c\000t\000i\000o\000n\000\040\000D\000o\000c\000u\000m\000e\000n\000t\000a\000t\000i\000o\000n}{section.3.1}% 8
\BOOKMARK [3][-]{subsubsection.3.1.2.1}{\376\377\000b\000u\000i\000l\000d\000W\000i\000t\000h\000A\000t\000t\000r\000i\000b\000u\000t\000e\000s\000:\000c\000o\000m\000p\000l\000e\000t\000i\000o\000n\000H\000a\000n\000d\000l\000e\000r\000:}{subsection.3.1.2}% 9
\BOOKMARK [3][-]{subsubsection.3.1.2.2}{\376\377\000f\000i\000n\000d\000F\000i\000r\000s\000t\000W\000i\000t\000h\000O\000p\000t\000i\000o\000n\000s\000:\000c\000o\000m\000p\000l\000e\000t\000i\000o\000n\000H\000a\000n\000d\000l\000e\000r\000:}{subsection.3.1.2}% 10
\BOOKMARK [3][-]{subsubsection.3.1.2.3}{\376\377\000g\000e\000t\000:\000c\000o\000m\000p\000l\000e\000t\000i\000o\000n\000H\000a\000n\000d\000l\000e\000r\000:}{subsection.3.1.2}% 11
\BOOKMARK [3][-]{subsubsection.3.1.2.4}{\376\377\000i\000n\000s\000t\000a\000n\000t\000i\000a\000t\000e\000C\000o\000l\000l\000e\000c\000t\000i\000o\000n\000:\000p\000r\000e\000f\000i\000x\000O\000p\000t\000i\000o\000n\000s\000:}{subsection.3.1.2}% 12
\BOOKMARK [3][-]{subsubsection.3.1.2.5}{\376\377\000p\000r\000e\000f\000i\000x\000P\000a\000r\000a\000m\000e\000t\000e\000r\000s}{subsection.3.1.2}% 13
\BOOKMARK [3][-]{subsubsection.3.1.2.6}{\376\377\000p\000r\000e\000f\000i\000x\000W\000i\000t\000h\000O\000p\000t\000i\000o\000n\000s\000:}{subsection.3.1.2}% 14
\BOOKMARK [3][-]{subsubsection.3.1.2.7}{\376\377\000s\000p\000l\000i\000t\000O\000p\000t\000i\000o\000n\000s\000:\000p\000r\000e\000f\000i\000x\000O\000p\000t\000i\000o\000n\000s\000:\000q\000u\000e\000r\000y\000O\000p\000t\000i\000o\000n\000s\000:}{subsection.3.1.2}% 15
\BOOKMARK [2][-]{subsection.3.1.3}{\376\377\000P\000r\000o\000p\000e\000r\000t\000y\000\040\000D\000o\000c\000u\000m\000e\000n\000t\000a\000t\000i\000o\000n}{section.3.1}% 16
\BOOKMARK [3][-]{subsubsection.3.1.3.1}{\376\377\000k\000n\000o\000w\000n\000A\000t\000t\000r\000i\000b\000u\000t\000e\000s}{subsection.3.1.3}% 17
\BOOKMARK [3][-]{subsubsection.3.1.3.2}{\376\377\000s\000i\000t\000e}{subsection.3.1.3}% 18
\BOOKMARK [1][-]{section.3.2}{\376\377\000A\000R\000e\000s\000o\000u\000r\000c\000e\000\040\000C\000l\000a\000s\000s\000\040\000R\000e\000f\000e\000r\000e\000n\000c\000e}{chapter.3}% 19
\BOOKMARK [2][-]{subsection.3.2.1}{\376\377\000D\000e\000t\000a\000i\000l\000e\000d\000\040\000D\000e\000s\000c\000r\000i\000p\000t\000i\000o\000n}{section.3.2}% 20
\BOOKMARK [2][-]{subsection.3.2.2}{\376\377\000P\000r\000o\000p\000e\000r\000t\000y\000\040\000D\000o\000c\000u\000m\000e\000n\000t\000a\000t\000i\000o\000n}{section.3.2}% 21
\BOOKMARK [3][-]{subsubsection.3.2.2.1}{\376\377\000b\000a\000s\000e}{subsection.3.2.2}% 22
\BOOKMARK [1][-]{section.3.3}{\376\377\000<\000A\000R\000F\000o\000r\000m\000a\000t\000>\000\040\000P\000r\000o\000t\000o\000c\000o\000l\000\040\000R\000e\000f\000e\000r\000e\000n\000c\000e}{chapter.3}% 23
\BOOKMARK [1][-]{section.3.4}{\376\377\000A\000R\000J\000S\000O\000N\000F\000o\000r\000m\000a\000t\000\040\000C\000l\000a\000s\000s\000\040\000R\000e\000f\000e\000r\000e\000n\000c\000e}{chapter.3}% 24
